<?xml version="1.0" encoding="UTF-8"?>
<!-- Generated by org.testng.reporters.JUnitReportReporter -->
<testsuite hostname="DESKTOP-1I6KDGS" failures="0" tests="1" name="setup_driver.BasepageTest" time="0.025" errors="0" timestamp="2024-08-17T14:21:32 IST" skipped="0">
  <testcase classname="setup_driver.BasepageTest" name="test" time="0.025"/>
</testsuite> <!-- setup_driver.BasepageTest -->
