<?xml version="1.0" encoding="UTF-8"?>
<!-- Generated by org.testng.reporters.JUnitReportReporter -->
<testsuite hostname="DESKTOP-1I6KDGS" failures="0" tests="4" name="com.main.tests.RegisterPageTest" time="2.057" errors="0" timestamp="2024-08-31T17:17:10 IST" skipped="0">
  <testcase classname="com.main.tests.RegisterPageTest" name="newregistertest" time="1.610"/>
  <testcase classname="com.main.tests.RegisterPageTest" name="setuser" time="0.415"/>
  <testcase classname="com.main.tests.RegisterPageTest" name="URLtest" time="0.019"/>
  <testcase classname="com.main.tests.RegisterPageTest" name="Titletest" time="0.013"/>
</testsuite> <!-- com.main.tests.RegisterPageTest -->
