<?xml version="1.0" encoding="UTF-8"?>
<!-- Generated by org.testng.reporters.JUnitReportReporter -->
<testsuite hostname="DESKTOP-1I6KDGS" failures="0" tests="4" name="com.main.tests.RegisterPageTest" time="2.029" errors="0" timestamp="2024-08-31T18:53:39 IST" skipped="0">
  <testcase classname="com.main.tests.RegisterPageTest" name="newregistertest" time="1.577"/>
  <testcase classname="com.main.tests.RegisterPageTest" name="setuser" time="0.418"/>
  <testcase classname="com.main.tests.RegisterPageTest" name="URLtest" time="0.020"/>
  <testcase classname="com.main.tests.RegisterPageTest" name="Titletest" time="0.014"/>
</testsuite> <!-- com.main.tests.RegisterPageTest -->
