<?xml version="1.0" encoding="UTF-8"?>
<!-- Generated by org.testng.reporters.JUnitReportReporter -->
<testsuite hostname="DESKTOP-1I6KDGS" failures="0" tests="6" name="com.main.tests.PageFactoryLoginPageTest" time="4.054" errors="0" timestamp="2024-08-31T18:53:39 IST" skipped="0">
  <testcase classname="com.main.tests.PageFactoryLoginPageTest" name="loginTest" time="0.750"/>
  <testcase classname="com.main.tests.PageFactoryLoginPageTest" name="loginTest" time="0.800"/>
  <testcase classname="com.main.tests.PageFactoryLoginPageTest" name="loginTest" time="1.933"/>
  <testcase classname="com.main.tests.PageFactoryLoginPageTest" name="openregisterpage" time="0.510"/>
  <testcase classname="com.main.tests.PageFactoryLoginPageTest" name="Gettitle" time="0.026"/>
  <testcase classname="com.main.tests.PageFactoryLoginPageTest" name="PrintLinks" time="0.035"/>
</testsuite> <!-- com.main.tests.PageFactoryLoginPageTest -->
