<?xml version="1.0" encoding="UTF-8"?>
<!-- Generated by org.testng.reporters.JUnitReportReporter -->
<testsuite hostname="DESKTOP-1I6KDGS" failures="0" tests="2" name="com.main.tests.PageFactoryMainTest" time="1.745" errors="0" timestamp="2024-08-17T16:59:45 IST" skipped="0">
  <testcase classname="com.main.tests.PageFactoryMainTest" name="loginTest" time="1.287"/>
  <testcase classname="com.main.tests.PageFactoryMainTest" name="openregisterpage" time="0.458"/>
</testsuite> <!-- com.main.tests.PageFactoryMainTest -->
