<?xml version="1.0" encoding="UTF-8"?>
<!-- Generated by org.testng.reporters.JUnitReportReporter -->
<testsuite hostname="DESKTOP-1I6KDGS" failures="0" tests="6" name="com.main.tests.PageFactoryLoginPageTest" time="4.963" errors="0" timestamp="2024-08-31T17:17:10 IST" skipped="0">
  <testcase classname="com.main.tests.PageFactoryLoginPageTest" name="loginTest" time="0.750"/>
  <testcase classname="com.main.tests.PageFactoryLoginPageTest" name="loginTest" time="1.691"/>
  <testcase classname="com.main.tests.PageFactoryLoginPageTest" name="loginTest" time="1.932"/>
  <testcase classname="com.main.tests.PageFactoryLoginPageTest" name="openregisterpage" time="0.540"/>
  <testcase classname="com.main.tests.PageFactoryLoginPageTest" name="Gettitle" time="0.019"/>
  <testcase classname="com.main.tests.PageFactoryLoginPageTest" name="PrintLinks" time="0.031"/>
</testsuite> <!-- com.main.tests.PageFactoryLoginPageTest -->
