<?xml version="1.0" encoding="UTF-8"?>
<!-- Generated by org.testng.reporters.JUnitReportReporter -->
<testsuite hostname="DESKTOP-1I6KDGS" failures="0" tests="2" name="com.main.tests.MainTest" time="1.464" errors="0" timestamp="2024-08-17T16:24:54 IST" skipped="0">
  <testcase classname="com.main.tests.MainTest" name="loginTest" time="0.871"/>
  <testcase classname="com.main.tests.MainTest" name="openregister" time="0.593"/>
</testsuite> <!-- com.main.tests.MainTest -->
