<?xml version="1.0" encoding="UTF-8"?>
<!-- Generated by org.testng.reporters.JUnitReportReporter -->
<testsuite hostname="DESKTOP-1I6KDGS" failures="0" tests="2" name="com.main.tests.LoginPageTest" time="2.237" errors="0" timestamp="2024-08-24T23:05:11 IST" skipped="0">
  <testcase classname="com.main.tests.LoginPageTest" name="loginTest" time="0.862"/>
  <testcase classname="com.main.tests.LoginPageTest" name="openregister" time="1.375"/>
</testsuite> <!-- com.main.tests.LoginPageTest -->
