<?xml version="1.0" encoding="UTF-8"?>
<!-- Generated by org.testng.reporters.JUnitReportReporter -->
<testsuite hostname="DESKTOP-1I6KDGS" failures="0" tests="1" name="com.main.tests.Properties_readtest" time="0.100" errors="0" timestamp="2024-08-25T14:11:58 IST" skipped="0">
  <testcase classname="com.main.tests.Properties_readtest" name="properties" time="0.100"/>
</testsuite> <!-- com.main.tests.Properties_readtest -->
